<?xml version="1.0" encoding="UTF-8"?>
<!-- Generated by org.testng.reporters.JUnitXMLReporter -->
<testsuite ignored="0" hostname="LAPTOP-139EAR6L" failures="0" tests="7" name="Command line test" time="0.046" errors="0" timestamp="2023-04-06T13:37:22 IST">
  <testcase classname="Practice.ParameterTest" name="test" time="0.004"/>
  <testcase classname="Practice.Test1Test" name="Method1" time="0.0"/>
  <testcase classname="Practice.Test1Test" name="Method2" time="0.0"/>
  <testcase classname="Practice.Test1Test" name="Method3" time="0.001"/>
  <testcase classname="Practice.TestScript" name="test" time="0.0"/>
  <testcase classname="Practice.TestTest" name="Method5" time="0.0"/>
  <testcase classname="Practice.TestTest" name="Method6" time="0.0"/>
</testsuite> <!-- Command line test -->
