<?xml version="1.0" encoding="UTF-8"?>
<!-- Generated by org.testng.reporters.JUnitXMLReporter -->
<testsuite ignored="5" hostname="LAPTOP-139EAR6L" failures="0" tests="0" time="0.019" errors="0" timestamp="2023-04-06T15:06:33 IST">
  <testcase classname="Practice.TestTest" name="Method6" time="0.0">
    <ignored/>
  </testcase> <!-- Method6 -->
  <testcase classname="Practice.Test1Test" name="Method2" time="0.0">
    <ignored/>
  </testcase> <!-- Method2 -->
  <testcase classname="Practice.TestTest" name="Method5" time="0.0">
    <ignored/>
  </testcase> <!-- Method5 -->
  <testcase classname="Practice.Test1Test" name="Method1" time="0.0">
    <ignored/>
  </testcase> <!-- Method1 -->
  <testcase classname="Practice.Test1Test" name="Method3" time="0.0">
    <ignored/>
  </testcase> <!-- Method3 -->
</testsuite>
