<?xml version="1.0" encoding="UTF-8"?>
<testng-results ignored="0" total="1" passed="1" failed="0" skipped="0">
  <reporter-output>
  </reporter-output>
  <suite started-at="2023-04-04T11:53:01 IST" name="Default suite" finished-at="2023-04-04T11:53:01 IST" duration-ms="73">
    <groups>
    </groups>
    <test started-at="2023-04-04T11:53:01 IST" name="Default test" finished-at="2023-04-04T11:53:01 IST" duration-ms="73">
      <class name="Practice.parameter">
        <test-method signature="test()[pri:0, instance:Practice.parameter@48974e45]" started-at="2023-04-04T11:53:01 IST" name="test" finished-at="2023-04-04T11:53:01 IST" duration-ms="10" status="PASS">
          <reporter-output>
          </reporter-output>
        </test-method> <!-- test -->
      </class> <!-- Practice.parameter -->
    </test> <!-- Default test -->
  </suite> <!-- Default suite -->
</testng-results>
